TN:
SF:D:\Tavisca\task-mgmt\codespace\src\polyfills.ts
FNF:0
FNH:0
LF:0
LH:0
BRF:0
BRH:0
end_of_record
TN:
SF:D:\Tavisca\task-mgmt\codespace\src\test.ts
FNF:0
FNH:0
DA:13,1
DA:18,1
DA:20,1
LF:3
LH:3
BRF:0
BRH:0
end_of_record
TN:
SF:D:\Tavisca\task-mgmt\codespace\src\app\app.component.ts
FN:20,(anonymous_0)
FN:25,(anonymous_1)
FN:32,(anonymous_2)
FN:41,(anonymous_3)
FN:53,(anonymous_4)
FN:75,(anonymous_5)
FNF:6
FNH:6
FNDA:8,(anonymous_0)
FNDA:83,(anonymous_1)
FNDA:1,(anonymous_2)
FNDA:2,(anonymous_3)
FNDA:1,(anonymous_4)
FNDA:1,(anonymous_5)
DA:15,1
DA:17,8
DA:20,8
DA:21,8
DA:22,8
DA:26,83
DA:33,1
DA:42,2
DA:43,1
DA:53,1
DA:54,1
DA:55,1
DA:56,1
DA:63,1
DA:66,1
DA:76,1
LF:16
LH:16
BRDA:42,0,0,1
BRDA:42,0,1,1
BRDA:54,1,0,1
BRDA:54,1,1,0
BRF:4
BRH:3
end_of_record
TN:
SF:D:\Tavisca\task-mgmt\codespace\src\app\app.constant.ts
FNF:0
FNH:0
DA:4,1
DA:32,1
DA:37,1
DA:42,1
DA:47,1
DA:52,1
LF:6
LH:6
BRF:0
BRH:0
end_of_record
TN:
SF:D:\Tavisca\task-mgmt\codespace\src\app\app.service.ts
FN:13,(anonymous_0)
FN:25,(anonymous_1)
FN:32,(anonymous_2)
FNF:3
FNH:3
FNDA:11,(anonymous_0)
FNDA:12,(anonymous_1)
FNDA:1,(anonymous_2)
DA:9,1
DA:13,11
DA:14,11
DA:15,11
DA:26,12
DA:33,1
LF:6
LH:6
BRF:0
BRH:0
end_of_record
TN:
SF:D:\Tavisca\task-mgmt\codespace\src\app\app.util.ts
FN:8,(anonymous_0)
FN:16,(anonymous_1)
FN:24,(anonymous_2)
FN:25,(anonymous_3)
FN:38,(anonymous_4)
FN:47,(anonymous_5)
FN:55,(anonymous_6)
FN:56,(anonymous_7)
FNF:8
FNH:8
FNDA:2,(anonymous_0)
FNDA:2,(anonymous_1)
FNDA:3,(anonymous_2)
FNDA:7,(anonymous_3)
FNDA:2,(anonymous_4)
FNDA:1,(anonymous_5)
FNDA:3,(anonymous_6)
FNDA:5,(anonymous_7)
DA:9,2
DA:17,2
DA:25,3
DA:26,7
DA:28,3
DA:29,1
DA:31,2
DA:39,2
DA:48,1
DA:49,1
DA:56,3
DA:57,5
DA:59,3
DA:60,1
DA:62,2
LF:15
LH:15
BRDA:9,0,0,2
BRDA:9,0,1,1
BRDA:17,1,0,2
BRDA:17,1,1,1
BRDA:28,2,0,1
BRDA:28,2,1,2
BRDA:59,3,0,1
BRDA:59,3,1,2
BRF:8
BRH:8
end_of_record
TN:
SF:D:\Tavisca\task-mgmt\codespace\src\app\data.service.ts
FN:10,(anonymous_0)
FN:16,(anonymous_1)
FN:34,(anonymous_2)
FNF:3
FNH:3
FNDA:15,(anonymous_0)
FNDA:13,(anonymous_1)
FNDA:1,(anonymous_2)
DA:9,1
DA:18,13
DA:19,13
DA:20,10
DA:23,3
DA:25,3
DA:28,13
DA:36,1
LF:8
LH:8
BRDA:19,0,0,10
BRDA:19,0,1,3
BRDA:19,1,0,13
BRDA:19,1,1,10
BRF:4
BRH:4
end_of_record
TN:
SF:D:\Tavisca\task-mgmt\codespace\src\app\mat-dialog-ref.mock.ts
FN:2,(anonymous_0)
FNF:1
FNH:0
FNDA:0,(anonymous_0)
LF:0
LH:0
BRF:0
BRH:0
end_of_record
TN:
SF:D:\Tavisca\task-mgmt\codespace\src\app\mat-dialog.mock.ts
FN:6,(anonymous_0)
FN:8,(anonymous_1)
FNF:2
FNH:2
FNDA:1,(anonymous_0)
FNDA:1,(anonymous_1)
DA:7,1
DA:8,1
LF:2
LH:2
BRF:0
BRH:0
end_of_record
TN:
SF:D:\Tavisca\task-mgmt\codespace\src\app\confirmation-dialog\confirmation-dialog.component.ts
FN:12,(anonymous_0)
FN:18,(anonymous_1)
FNF:2
FNH:2
FNDA:1,(anonymous_0)
FNDA:1,(anonymous_1)
DA:10,1
DA:13,1
DA:14,1
DA:15,1
LF:4
LH:4
BRF:0
BRH:0
end_of_record
TN:
SF:D:\Tavisca\task-mgmt\codespace\src\app\edit-item-dialog\edit-item-dialog.component.ts
FN:14,(anonymous_0)
FN:25,(anonymous_1)
FNF:2
FNH:2
FNDA:4,(anonymous_0)
FNDA:3,(anonymous_1)
DA:10,1
DA:12,4
DA:13,4
DA:15,4
DA:16,4
DA:17,4
DA:26,3
DA:27,3
DA:28,1
DA:30,2
DA:31,2
DA:32,1
DA:33,1
DA:35,1
LF:14
LH:14
BRDA:27,0,0,1
BRDA:27,0,1,2
BRDA:31,1,0,1
BRDA:31,1,1,1
BRF:4
BRH:4
end_of_record
